DigestAuthentication>>LocalBroker>>default>>0>>1537106827484
2871<<Administration Result<<2018-09-16 15:07:08.493 BST<<IBM376-PC07B8HE\gb116216<<deploy<<C:/RohitProjects/GeneratedBarFiles/DigestAuthenticationproject.generated.bar<<BAR<<default<<ExecutionGroup<<COMPLETE
DigestAuthentication>>LocalBroker>>default>>0>>1537107057242
2871<<Administration Result<<2018-09-16 15:11:03.680 BST<<IBM376-PC07B8HE\gb116216<<deploy<<C:/RohitProjects/GeneratedBarFiles/DigestAuthenticationproject.generated.bar<<BAR<<default<<ExecutionGroup<<COMPLETE
DigestAuthentication>>LocalBroker>>default>>0>>1537107187641
2871<<Administration Result<<2018-09-16 15:13:12.585 BST<<IBM376-PC07B8HE\gb116216<<deploy<<C:/RohitProjects/GeneratedBarFiles/DigestAuthenticationproject.generated.bar<<BAR<<default<<ExecutionGroup<<COMPLETE
DigestAuthentication>>LocalBroker>>default>>0>>1537107449131
2871<<Administration Result<<2018-09-16 15:17:35.411 BST<<IBM376-PC07B8HE\gb116216<<deploy<<C:/RohitProjects/GeneratedBarFiles/DigestAuthenticationproject.generated.bar<<BAR<<default<<ExecutionGroup<<COMPLETE
DigestAuthentication>>LocalBroker>>default>>0>>1537108048641
2871<<Administration Result<<2018-09-16 15:27:33.931 BST<<IBM376-PC07B8HE\gb116216<<deploy<<C:/RohitProjects/GeneratedBarFiles/DigestAuthenticationproject.generated.bar<<BAR<<default<<ExecutionGroup<<COMPLETE
DigestAuthentication>>LocalBroker>>default>>0>>1537108328280
2871<<Administration Result<<2018-09-16 15:32:13.610 BST<<IBM376-PC07B8HE\gb116216<<deploy<<C:/RohitProjects/GeneratedBarFiles/DigestAuthenticationproject.generated.bar<<BAR<<default<<ExecutionGroup<<COMPLETE
DigestAuthentication>>LocalBroker>>default>>0>>1537108523636
2871<<Administration Result<<2018-09-16 15:35:30.672 BST<<IBM376-PC07B8HE\gb116216<<deploy<<C:/RohitProjects/GeneratedBarFiles/DigestAuthenticationproject.generated.bar<<BAR<<default<<ExecutionGroup<<COMPLETE
DigestAuthentication>>LocalBroker>>default>>0>>1537109210041
2871<<Administration Result<<2018-09-16 15:46:54.777 BST<<IBM376-PC07B8HE\gb116216<<deploy<<C:/RohitProjects/GeneratedBarFiles/DigestAuthenticationproject.generated.bar<<BAR<<default<<ExecutionGroup<<COMPLETE
DigestAuthentication>>LocalBroker>>default>>0>>1537109504574
2871<<Administration Result<<2018-09-16 15:51:46.493 BST<<IBM376-PC07B8HE\gb116216<<deploy<<C:/RohitProjects/GeneratedBarFiles/DigestAuthenticationproject.generated.bar<<BAR<<default<<ExecutionGroup<<COMPLETE
DigestAuthentication>>LocalBroker>>default>>0>>1537123077125
2871<<Administration Result<<2018-09-16 19:37:59.830 BST<<IBM376-PC07B8HE\gb116216<<deploy<<C:/RohitProjects/GeneratedBarFiles/DigestAuthenticationproject.generated.bar<<BAR<<default<<ExecutionGroup<<COMPLETE
DigestAuthentication>>LocalBroker>>default>>0>>1537123487734
2871<<Administration Result<<2018-09-16 19:44:51.775 BST<<IBM376-PC07B8HE\gb116216<<deploy<<C:/RohitProjects/GeneratedBarFiles/DigestAuthenticationproject.generated.bar<<BAR<<default<<ExecutionGroup<<COMPLETE
DigestAuthentication>>LocalBroker>>default>>0>>1537123639051
2871<<Administration Result<<2018-09-16 19:47:23.598 BST<<IBM376-PC07B8HE\gb116216<<deploy<<C:/RohitProjects/GeneratedBarFiles/DigestAuthenticationproject.generated.bar<<BAR<<default<<ExecutionGroup<<COMPLETE
DigestAuthentication>>LocalBroker>>default>>0>>1537123726781
2871<<Administration Result<<2018-09-16 19:48:53.305 BST<<IBM376-PC07B8HE\gb116216<<deploy<<C:/RohitProjects/GeneratedBarFiles/DigestAuthenticationproject.generated.bar<<BAR<<default<<ExecutionGroup<<COMPLETE
DigestAuthentication>>LocalBroker>>default>>0>>1537123792952
2871<<Administration Result<<2018-09-16 19:49:56.895 BST<<IBM376-PC07B8HE\gb116216<<deploy<<C:/RohitProjects/GeneratedBarFiles/DigestAuthenticationproject.generated.bar<<BAR<<default<<ExecutionGroup<<COMPLETE
DigestAuthentication>>LocalBroker>>default>>0>>1537123890909
2871<<Administration Result<<2018-09-16 19:51:35.103 BST<<IBM376-PC07B8HE\gb116216<<deploy<<C:/RohitProjects/GeneratedBarFiles/DigestAuthenticationproject.generated.bar<<BAR<<default<<ExecutionGroup<<COMPLETE
DigestAuthentication>>LocalBroker>>default>>0>>1537123981255
2871<<Administration Result<<2018-09-16 19:53:06.938 BST<<IBM376-PC07B8HE\gb116216<<deploy<<C:/RohitProjects/GeneratedBarFiles/DigestAuthenticationproject.generated.bar<<BAR<<default<<ExecutionGroup<<COMPLETE
MyHttpApiClient>>LocalBroker>>default>>0>>1537127364973
2871<<Administration Result<<2018-09-16 20:49:25.100 BST<<IBM376-PC07B8HE\gb116216<<deploy<<C:/RohitProjects/GeneratedBarFiles/MyHttpApiClientproject.generated.bar<<BAR<<default<<ExecutionGroup<<COMPLETE
DigestAuthenticationIS>>LocalBroker>>default>>0>>1537268492275
2871<<Administration Result<<2018-09-18 12:01:34.792 BST<<IBM376-PC07B8HE\gb116216<<deploy<<C:/RohitProjects/GeneratedBarFiles/DigestAuthenticationISproject.generated.bar<<BAR<<default<<ExecutionGroup<<COMPLETE
DigestAuthentication>>LocalBroker>>default>>0>>1537268510951
2871<<Administration Result<<2018-09-18 12:01:57.527 BST<<IBM376-PC07B8HE\gb116216<<deploy<<C:/RohitProjects/GeneratedBarFiles/DigestAuthenticationproject.generated.bar<<BAR<<default<<ExecutionGroup<<COMPLETE
DigestAuthentication>>LocalBroker>>default>>0>>1537268742591
2871<<Administration Result<<2018-09-18 12:05:49.556 BST<<IBM376-PC07B8HE\gb116216<<deploy<<C:/RohitProjects/GeneratedBarFiles/DigestAuthenticationproject.generated.bar<<BAR<<default<<ExecutionGroup<<COMPLETE
DigestAuthentication>>LocalBroker>>default>>0>>1537268820282
2871<<Administration Result<<2018-09-18 12:07:06.262 BST<<IBM376-PC07B8HE\gb116216<<deploy<<C:/RohitProjects/GeneratedBarFiles/DigestAuthenticationproject.generated.bar<<BAR<<default<<ExecutionGroup<<COMPLETE
DigestAuthentication>>LocalBroker>>default>>0>>1537268833721
2871<<Administration Result<<2018-09-18 12:07:17.843 BST<<IBM376-PC07B8HE\gb116216<<deploy<<C:/RohitProjects/GeneratedBarFiles/DigestAuthenticationproject.generated.bar<<BAR<<default<<ExecutionGroup<<COMPLETE
DigestAuthentication>>LocalBroker>>default>>0>>1537270813629
2871<<Administration Result<<2018-09-18 12:40:16.673 BST<<IBM376-PC07B8HE\gb116216<<deploy<<C:/RohitProjects/GeneratedBarFiles/DigestAuthenticationproject.generated.bar<<BAR<<default<<ExecutionGroup<<COMPLETE
DigestAuthentication>>LocalBroker>>default>>0>>1537270904770
2871<<Administration Result<<2018-09-18 12:41:51.105 BST<<IBM376-PC07B8HE\gb116216<<deploy<<C:/RohitProjects/GeneratedBarFiles/DigestAuthenticationproject.generated.bar<<BAR<<default<<ExecutionGroup<<COMPLETE
DigestAuthentication>>LocalBroker>>default>>0>>1537350641044
2871<<Administration Result<<2018-09-19 10:50:46.992 BST<<IBM376-PC07B8HE\gb116216<<deploy<<C:/RohitProjects/GeneratedBarFiles/DigestAuthenticationproject.generated.bar<<BAR<<default<<ExecutionGroup<<COMPLETE
DigestAuthentication>>LocalBroker>>default>>0>>1537350738946
2871<<Administration Result<<2018-09-19 10:52:25.256 BST<<IBM376-PC07B8HE\gb116216<<deploy<<C:/RohitProjects/GeneratedBarFiles/DigestAuthenticationproject.generated.bar<<BAR<<default<<ExecutionGroup<<COMPLETE
DigestAuthentication>>LocalBroker>>default>>0>>1537350809734
2871<<Administration Result<<2018-09-19 10:53:35.351 BST<<IBM376-PC07B8HE\gb116216<<deploy<<C:/RohitProjects/GeneratedBarFiles/DigestAuthenticationproject.generated.bar<<BAR<<default<<ExecutionGroup<<COMPLETE
DigestAuthentication>>LocalBroker>>default>>0>>1537380291797
2871<<Administration Result<<2018-09-19 19:04:57.466 BST<<IBM376-PC07B8HE\gb116216<<deploy<<C:/RohitProjects/GeneratedBarFiles/DigestAuthenticationproject.generated.bar<<BAR<<default<<ExecutionGroup<<COMPLETE
DigestAuthentication>>LocalBroker>>default>>0>>1537380546642
2871<<Administration Result<<2018-09-19 19:09:11.297 BST<<IBM376-PC07B8HE\gb116216<<deploy<<C:/RohitProjects/GeneratedBarFiles/DigestAuthenticationproject.generated.bar<<BAR<<default<<ExecutionGroup<<COMPLETE
DigestAuthentication>>LocalBroker>>default>>0>>1537380765818
2871<<Administration Result<<2018-09-19 19:12:48.370 BST<<IBM376-PC07B8HE\gb116216<<deploy<<C:/RohitProjects/GeneratedBarFiles/DigestAuthenticationproject.generated.bar<<BAR<<default<<ExecutionGroup<<COMPLETE
DigestAuthentication>>LocalBroker>>default>>0>>1537380987996
2871<<Administration Result<<2018-09-19 19:16:33.448 BST<<IBM376-PC07B8HE\gb116216<<deploy<<C:/RohitProjects/GeneratedBarFiles/DigestAuthenticationproject.generated.bar<<BAR<<default<<ExecutionGroup<<COMPLETE
DigestAuthentication>>LocalBroker>>default>>0>>1538809595668
2871<<Administration Result<<2018-10-06 08:06:41.066 BST<<IBM376-PC07B8HE\gb116216<<deploy<<C:/RohitProjects/TestModeBarFiles/DigestAuthenticationproject.TestMode.bar<<BAR<<default<<ExecutionGroup<<COMPLETE
DigestAuthentication>>LocalBroker>>default>>0>>1539348580113
2871<<Administration Result<<2018-10-12 13:49:43.352 BST<<IBM376-PC07B8HE\gb116216<<deploy<<C:/RohitProjects/GeneratedBarFiles/DigestAuthenticationproject.generated.bar<<BAR<<default<<ExecutionGroup<<COMPLETE
DigestAuthenticationDemo.bar>>LocalBroker>>default>>2>>1539528179021
2087<<Runtime Response<<2018-10-14 15:43:01.035 BST<<LocalBroker<<d11e16f0-ae41-453e-a09f-480c87088d61
4041<<Runtime Response<<2018-10-14 15:43:01.035 BST<<default<<06b6c5e4-801c-4829-a12c-9ff9ecab6570
2432<<Runtime Response<<2018-10-14 15:43:01.035 BST<<.SharedVariable_Compute.Main<<5.17<<SHARVAR<<AuthHeaderCache, Environment, InputLocalEnvironment, OutputLocalEnvironment, InputRoot, InputBody, InputProperties, OutputRoot, InputExceptionList, OutputExceptionList, InputDestinationList, OutputDestinationList
2871<<Administration Result<<2018-10-14 15:43:01.035 BST<<IBM376-PC07B8HE\gb116216<<deploy<<C:/RohitProjects/BARfiles/DigestAuthenticationDemo.bar<<BAR<<default<<ExecutionGroup<<FAILED
DigestAuthenticationDemo.bar>>LocalBroker>>default>>2>>1539528369759
2087<<Runtime Response<<2018-10-14 15:46:11.067 BST<<LocalBroker<<d11e16f0-ae41-453e-a09f-480c87088d61
4041<<Runtime Response<<2018-10-14 15:46:11.067 BST<<default<<06b6c5e4-801c-4829-a12c-9ff9ecab6570
2432<<Runtime Response<<2018-10-14 15:46:11.067 BST<<.SharedVariable_Compute.Main<<5.17<<SHARVAR<<AuthHeaderCache, Environment, InputLocalEnvironment, OutputLocalEnvironment, InputRoot, InputBody, InputProperties, OutputRoot, InputExceptionList, OutputExceptionList, InputDestinationList, OutputDestinationList
2871<<Administration Result<<2018-10-14 15:46:11.067 BST<<IBM376-PC07B8HE\gb116216<<deploy<<C:/RohitProjects/BARfiles/DigestAuthenticationDemo.bar<<BAR<<default<<ExecutionGroup<<FAILED
DigestAuthenticationDemo.bar>>LocalBroker>>default>>0>>1539528480618
2871<<Administration Result<<2018-10-14 15:48:01.475 BST<<IBM376-PC07B8HE\gb116216<<deploy<<C:/RohitProjects/BARfiles/DigestAuthenticationDemo.bar<<BAR<<default<<ExecutionGroup<<COMPLETE
DigestAuthentication>>LocalBroker>>defaultEG>>0>>1540568293291
2871<<Administration Result<<2018-10-26 16:38:14.090 BST<<IBM376-PC07B8HE\gb116216<<deploy<<C:/RohitProjects/IIB-ACE-DigestAuthentication/GeneratedBarFiles/DigestAuthenticationproject.generated.bar<<BAR<<defaultEG<<ExecutionGroup<<COMPLETE
DigestAuthentication>>LocalBroker>>defaultEG>>0>>1540568390469
2871<<Administration Result<<2018-10-26 16:39:53.345 BST<<IBM376-PC07B8HE\gb116216<<deploy<<C:/RohitProjects/IIB-ACE-DigestAuthentication/GeneratedBarFiles/DigestAuthenticationproject.generated.bar<<BAR<<defaultEG<<ExecutionGroup<<COMPLETE
DigestAuthentication>>LocalBroker>>defaultEG>>0>>1540568413547
2871<<Administration Result<<2018-10-26 16:40:18.778 BST<<IBM376-PC07B8HE\gb116216<<deploy<<C:/RohitProjects/IIB-ACE-DigestAuthentication/GeneratedBarFiles/DigestAuthenticationproject.generated.bar<<BAR<<defaultEG<<ExecutionGroup<<COMPLETE
DigestAuthentication>>LocalBroker>>defaultEG>>0>>1540568443166
2871<<Administration Result<<2018-10-26 16:40:43.747 BST<<IBM376-PC07B8HE\gb116216<<deploy<<C:/RohitProjects/IIB-ACE-DigestAuthentication/GeneratedBarFiles/DigestAuthenticationproject.generated.bar<<BAR<<defaultEG<<ExecutionGroup<<COMPLETE
DigestAuthentication>>LocalBroker>>defaultEG>>0>>1540568676327
2871<<Administration Result<<2018-10-26 16:44:42.662 BST<<IBM376-PC07B8HE\gb116216<<deploy<<C:/RohitProjects/IIB-ACE-DigestAuthentication/GeneratedBarFiles/DigestAuthenticationproject.generated.bar<<BAR<<defaultEG<<ExecutionGroup<<COMPLETE
DigestAuthentication>>LocalBroker>>defaultEG>>0>>1540568733156
2871<<Administration Result<<2018-10-26 16:45:36.789 BST<<IBM376-PC07B8HE\gb116216<<deploy<<C:/RohitProjects/IIB-ACE-DigestAuthentication/GeneratedBarFiles/DigestAuthenticationproject.generated.bar<<BAR<<defaultEG<<ExecutionGroup<<COMPLETE
DigestAuthentication>>LocalBroker>>defaultEG>>0>>1540568777782
2871<<Administration Result<<2018-10-26 16:46:21.115 BST<<IBM376-PC07B8HE\gb116216<<deploy<<C:/RohitProjects/IIB-ACE-DigestAuthentication/GeneratedBarFiles/DigestAuthenticationproject.generated.bar<<BAR<<defaultEG<<ExecutionGroup<<COMPLETE
DigestAuthentication>>LocalBroker>>defaultEG>>0>>1540569232770
2871<<Administration Result<<2018-10-26 16:53:54.924 BST<<IBM376-PC07B8HE\gb116216<<deploy<<C:/RohitProjects/IIB-ACE-DigestAuthentication/GeneratedBarFiles/DigestAuthenticationproject.generated.bar<<BAR<<defaultEG<<ExecutionGroup<<COMPLETE
DigestAuthentication>>LocalBroker>>defaultEG>>0>>1540569260789
2871<<Administration Result<<2018-10-26 16:54:26.686 BST<<IBM376-PC07B8HE\gb116216<<deploy<<C:/RohitProjects/IIB-ACE-DigestAuthentication/GeneratedBarFiles/DigestAuthenticationproject.generated.bar<<BAR<<defaultEG<<ExecutionGroup<<COMPLETE
DigestAuthentication>>LocalBroker>>defaultEG>>0>>1540569307899
2871<<Administration Result<<2018-10-26 16:55:11.439 BST<<IBM376-PC07B8HE\gb116216<<deploy<<C:/RohitProjects/IIB-ACE-DigestAuthentication/GeneratedBarFiles/DigestAuthenticationproject.generated.bar<<BAR<<defaultEG<<ExecutionGroup<<COMPLETE
DigestAuthentication>>LocalBroker>>defaultEG>>0>>1540569397590
2871<<Administration Result<<2018-10-26 16:56:38.306 BST<<IBM376-PC07B8HE\gb116216<<deploy<<C:/RohitProjects/IIB-ACE-DigestAuthentication/GeneratedBarFiles/DigestAuthenticationproject.generated.bar<<BAR<<defaultEG<<ExecutionGroup<<COMPLETE
DigestAuthentication>>LocalBroker>>defaultEG>>0>>1540569464250
2871<<Administration Result<<2018-10-26 16:57:46.518 BST<<IBM376-PC07B8HE\gb116216<<deploy<<C:/RohitProjects/IIB-ACE-DigestAuthentication/GeneratedBarFiles/DigestAuthenticationproject.generated.bar<<BAR<<defaultEG<<ExecutionGroup<<COMPLETE
DigestAuthentication>>LocalBroker>>defaultEG>>0>>1540569499482
2871<<Administration Result<<2018-10-26 16:58:20.167 BST<<IBM376-PC07B8HE\gb116216<<deploy<<C:/RohitProjects/IIB-ACE-DigestAuthentication/GeneratedBarFiles/DigestAuthenticationproject.generated.bar<<BAR<<defaultEG<<ExecutionGroup<<COMPLETE
DigestAuthentication>>LocalBroker>>defaultEG>>0>>1540569608808
2871<<Administration Result<<2018-10-26 17:00:12.290 BST<<IBM376-PC07B8HE\gb116216<<deploy<<C:/RohitProjects/IIB-ACE-DigestAuthentication/GeneratedBarFiles/DigestAuthenticationproject.generated.bar<<BAR<<defaultEG<<ExecutionGroup<<COMPLETE
DigestAuthentication>>LocalBroker>>defaultEG>>0>>1540569766767
2871<<Administration Result<<2018-10-26 17:02:52.980 BST<<IBM376-PC07B8HE\gb116216<<deploy<<C:/RohitProjects/IIB-ACE-DigestAuthentication/GeneratedBarFiles/DigestAuthenticationproject.generated.bar<<BAR<<defaultEG<<ExecutionGroup<<COMPLETE
DigestAuthentication>>LocalBroker>>defaultEG>>0>>1540569805395
2871<<Administration Result<<2018-10-26 17:03:28.052 BST<<IBM376-PC07B8HE\gb116216<<deploy<<C:/RohitProjects/IIB-ACE-DigestAuthentication/GeneratedBarFiles/DigestAuthenticationproject.generated.bar<<BAR<<defaultEG<<ExecutionGroup<<COMPLETE
DigestAuthentication>>LocalBroker>>defaultEG>>0>>1540569841836
2871<<Administration Result<<2018-10-26 17:04:06.726 BST<<IBM376-PC07B8HE\gb116216<<deploy<<C:/RohitProjects/IIB-ACE-DigestAuthentication/GeneratedBarFiles/DigestAuthenticationproject.generated.bar<<BAR<<defaultEG<<ExecutionGroup<<COMPLETE
DigestAuthentication>>LocalBroker>>defaultEG>>0>>1540569922703
2871<<Administration Result<<2018-10-26 17:05:24.452 BST<<IBM376-PC07B8HE\gb116216<<deploy<<C:/RohitProjects/IIB-ACE-DigestAuthentication/TestModeBarFiles/DigestAuthenticationproject.TestMode.bar<<BAR<<defaultEG<<ExecutionGroup<<COMPLETE
